e:\myprojects\3dmini\3dmini\debug\vc120.pdb
e:\myprojects\3dmini\3dmini\debug\vc120.idb
e:\myprojects\3dmini\3dmini\debug\3dlib1.obj
e:\myprojects\3dmini\3dmini\debug\3dlib2.obj
e:\myprojects\3dmini\3dmini\debug\3dlight.obj
e:\myprojects\3dmini\3dmini\debug\3dlog.obj
e:\myprojects\3dmini\3dmini\debug\3dmd2.obj
e:\myprojects\3dmini\3dmini\debug\3dmesh.obj
e:\myprojects\3dmini\3dmini\debug\3dmipmap.obj
e:\myprojects\3dmini\3dmini\debug\3dmodel.obj
e:\myprojects\3dmini\3dmini\debug\3dobject.obj
e:\myprojects\3dmini\3dmini\debug\3dobject2.obj
e:\myprojects\3dmini\3dmini\debug\3drenderlist.obj
e:\myprojects\3dmini\3dmini\debug\3drenderlist2.obj
e:\myprojects\3dmini\3dmini\debug\3dshader.obj
e:\myprojects\3dmini\3dmini\debug\3dtexture.obj
e:\myprojects\3dmini\3dmini\debug\3dtexture2.obj
e:\myprojects\3dmini\3dmini\debug\3dtexture3.obj
e:\myprojects\3dmini\3dmini\debug\3dtool.obj
e:\myprojects\3dmini\3dmini\debug\3duipanel.obj
e:\myprojects\3dmini\3dmini\debug\3dzbuffer.obj
e:\myprojects\3dmini\3dmini\debug\win_main.obj
e:\myprojects\3dmini\3dmini\debug\3dbitmap.obj
e:\myprojects\3dmini\3dmini\debug\3dcamera.obj
e:\myprojects\3dmini\3dmini\debug\3ddemo_1.obj
e:\myprojects\3dmini\3dmini\debug\3ddemo_2.obj
e:\myprojects\3dmini\3dmini\debug\3ddemo_3.obj
e:\myprojects\3dmini\3dmini\debug\3ddemo_4.obj
e:\myprojects\3dmini\3dmini\debug\3ddemo_5.obj
e:\myprojects\3dmini\3dmini\debug\3ddemo_6.obj
e:\myprojects\3dmini\3dmini\debug\3ddemo_7.obj
e:\myprojects\3dmini\3dmini\debug\3ddemo_8.obj
e:\myprojects\3dmini\debug\3dmini.ilk
e:\myprojects\3dmini\debug\3dmini.exe
e:\myprojects\3dmini\debug\3dmini.pdb
e:\myprojects\3dmini\3dmini\debug\3dmini.tlog\cl.command.1.tlog
e:\myprojects\3dmini\3dmini\debug\3dmini.tlog\cl.read.1.tlog
e:\myprojects\3dmini\3dmini\debug\3dmini.tlog\cl.write.1.tlog
e:\myprojects\3dmini\3dmini\debug\3dmini.tlog\link.command.1.tlog
e:\myprojects\3dmini\3dmini\debug\3dmini.tlog\link.read.1.tlog
e:\myprojects\3dmini\3dmini\debug\3dmini.tlog\link.write.1.tlog
