生成启动时间为 2018/11/28 14:39:06。
     1>项目“E:\MyProjects\3DMini\3DMini\3DMini.vcxproj”在节点 2 上(Build 个目标)。
     1>ClCompile:
         C:\Program Files (x86)\Microsoft Visual Studio 12.0\VC\bin\CL.exe /c /Zi /nologo /W3 /WX- /sdl /O2 /Oi /Oy- /GL /D _CRT_SECURE_NO_WARNINGS /D _MBCS /Gm- /EHsc /MD /GS /Gy /fp:precise /Zc:wchar_t /Zc:forScope /Fo"Release\\" /Fd"Release\vc120.pdb" /Gd /TP /analyze- /errorReport:prompt 3DLight.cpp
         3DLight.cpp
     1>3DLight.cpp(67): warning C4305: “参数”: 从“double”到“float”截断
     1>3DLight.cpp(69): warning C4305: “参数”: 从“double”到“float”截断
       Link:
         C:\Program Files (x86)\Microsoft Visual Studio 12.0\VC\bin\link.exe /ERRORREPORT:PROMPT /OUT:"E:\MyProjects\3DMini\Release\3DMini.exe" /NOLOGO /LIBPATH:"C:\Program Files (x86)\Microsoft DirectX SDK (August 2009)\Lib\x86" ddraw.lib dxguid.lib dinput8.lib winmm.lib kernel32.lib user32.lib gdi32.lib winspool.lib comdlg32.lib advapi32.lib shell32.lib ole32.lib oleaut32.lib uuid.lib odbc32.lib odbccp32.lib /MANIFEST /MANIFESTUAC:"level='asInvoker' uiAccess='false'" /manifest:embed /DEBUG /PDB:"E:\MyProjects\3DMini\Release\3DMini.pdb" /OPT:REF /OPT:ICF /LTCG /TLBID:1 /DYNAMICBASE /NXCOMPAT /IMPLIB:"E:\MyProjects\3DMini\Release\3DMini.lib" /MACHINE:X86 /SAFESEH Release\3DCamera.obj
         Release\3DDemo_1.obj
         Release\3DDemo_2.obj
         Release\3DDemo_3.obj
         Release\3DLib1.obj
         Release\3DLib2.obj
         Release\3DLight.obj
         Release\3DLog.obj
         Release\3DObject.obj
         Release\3DObject2.obj
         Release\3DRenderlist.obj
         Release\3DShader.obj
         Release\3DTexture.obj
         Release\3DTool.obj
         Release\win_main.obj
         正在生成代码
         已完成代码的生成
         3DMini.vcxproj -> E:\MyProjects\3DMini\Release\3DMini.exe
     1>已完成生成项目“E:\MyProjects\3DMini\3DMini\3DMini.vcxproj”(Build 个目标)的操作。

生成成功。

已用时间 00:00:01.20
